mode: set
final-project-enigma-clean/delivery/controller/user-credentials-controller.go:20.62,24.54 2 1
final-project-enigma-clean/delivery/controller/user-credentials-controller.go:29.2,29.58 1 1
final-project-enigma-clean/delivery/controller/user-credentials-controller.go:34.2,34.56 1 1
final-project-enigma-clean/delivery/controller/user-credentials-controller.go:24.54,27.3 2 0
final-project-enigma-clean/delivery/controller/user-credentials-controller.go:29.58,32.3 2 1
final-project-enigma-clean/delivery/controller/user-credentials-controller.go:38.59,42.53 2 1
final-project-enigma-clean/delivery/controller/user-credentials-controller.go:47.2,48.16 2 1
final-project-enigma-clean/delivery/controller/user-credentials-controller.go:53.2,55.94 2 1
final-project-enigma-clean/delivery/controller/user-credentials-controller.go:42.53,45.3 2 0
final-project-enigma-clean/delivery/controller/user-credentials-controller.go:48.16,51.3 2 0
final-project-enigma-clean/delivery/controller/user-credentials-controller.go:59.58,67.51 2 1
final-project-enigma-clean/delivery/controller/user-credentials-controller.go:73.2,74.13 2 1
final-project-enigma-clean/delivery/controller/user-credentials-controller.go:80.2,80.30 1 1
final-project-enigma-clean/delivery/controller/user-credentials-controller.go:67.51,70.3 2 0
final-project-enigma-clean/delivery/controller/user-credentials-controller.go:74.13,77.3 2 1
final-project-enigma-clean/delivery/controller/user-credentials-controller.go:80.30,82.17 2 1
final-project-enigma-clean/delivery/controller/user-credentials-controller.go:86.3,88.69 2 1
final-project-enigma-clean/delivery/controller/user-credentials-controller.go:82.17,85.4 2 0
final-project-enigma-clean/delivery/controller/user-credentials-controller.go:92.64,96.53 2 1
final-project-enigma-clean/delivery/controller/user-credentials-controller.go:102.2,103.16 2 1
final-project-enigma-clean/delivery/controller/user-credentials-controller.go:108.2,108.130 1 1
final-project-enigma-clean/delivery/controller/user-credentials-controller.go:96.53,99.3 2 1
final-project-enigma-clean/delivery/controller/user-credentials-controller.go:103.16,106.3 2 0
final-project-enigma-clean/delivery/controller/user-credentials-controller.go:111.63,121.51 2 0
final-project-enigma-clean/delivery/controller/user-credentials-controller.go:127.2,131.13 3 0
final-project-enigma-clean/delivery/controller/user-credentials-controller.go:137.2,137.30 1 0
final-project-enigma-clean/delivery/controller/user-credentials-controller.go:121.51,124.3 2 0
final-project-enigma-clean/delivery/controller/user-credentials-controller.go:131.13,134.3 2 0
final-project-enigma-clean/delivery/controller/user-credentials-controller.go:137.30,142.17 3 0
final-project-enigma-clean/delivery/controller/user-credentials-controller.go:148.3,148.103 1 0
final-project-enigma-clean/delivery/controller/user-credentials-controller.go:154.3,155.17 2 0
final-project-enigma-clean/delivery/controller/user-credentials-controller.go:160.3,160.80 1 0
final-project-enigma-clean/delivery/controller/user-credentials-controller.go:165.3,165.64 1 0
final-project-enigma-clean/delivery/controller/user-credentials-controller.go:142.17,145.4 2 0
final-project-enigma-clean/delivery/controller/user-credentials-controller.go:148.103,151.4 2 0
final-project-enigma-clean/delivery/controller/user-credentials-controller.go:155.17,158.4 2 0
final-project-enigma-clean/delivery/controller/user-credentials-controller.go:160.80,163.4 2 0
final-project-enigma-clean/delivery/controller/user-credentials-controller.go:169.60,173.51 2 0
final-project-enigma-clean/delivery/controller/user-credentials-controller.go:178.2,179.16 2 0
final-project-enigma-clean/delivery/controller/user-credentials-controller.go:184.2,185.95 2 0
final-project-enigma-clean/delivery/controller/user-credentials-controller.go:173.51,176.3 2 0
final-project-enigma-clean/delivery/controller/user-credentials-controller.go:179.16,182.3 2 0
final-project-enigma-clean/delivery/controller/user-credentials-controller.go:188.63,192.51 2 1
final-project-enigma-clean/delivery/controller/user-credentials-controller.go:197.2,201.13 3 0
final-project-enigma-clean/delivery/controller/user-credentials-controller.go:206.2,206.30 1 0
final-project-enigma-clean/delivery/controller/user-credentials-controller.go:216.2,216.42 1 0
final-project-enigma-clean/delivery/controller/user-credentials-controller.go:192.51,195.3 2 1
final-project-enigma-clean/delivery/controller/user-credentials-controller.go:201.13,204.3 2 0
final-project-enigma-clean/delivery/controller/user-credentials-controller.go:206.30,208.116 1 0
final-project-enigma-clean/delivery/controller/user-credentials-controller.go:214.3,214.40 1 0
final-project-enigma-clean/delivery/controller/user-credentials-controller.go:208.116,211.4 2 0
final-project-enigma-clean/delivery/controller/user-credentials-controller.go:220.34,221.2 1 1
final-project-enigma-clean/delivery/controller/user-credentials-controller.go:221.2,229.3 7 1
final-project-enigma-clean/delivery/controller/user-credentials-controller.go:232.99,237.2 1 1
final-project-enigma-clean/delivery/controller/asset_controller.go:18.62,22.16 3 1
final-project-enigma-clean/delivery/controller/asset_controller.go:27.2,28.16 2 1
final-project-enigma-clean/delivery/controller/asset_controller.go:33.2,33.100 1 1
final-project-enigma-clean/delivery/controller/asset_controller.go:22.16,25.3 2 1
final-project-enigma-clean/delivery/controller/asset_controller.go:28.16,31.3 2 0
final-project-enigma-clean/delivery/controller/asset_controller.go:37.60,42.16 4 1
final-project-enigma-clean/delivery/controller/asset_controller.go:56.2,60.16 2 1
final-project-enigma-clean/delivery/controller/asset_controller.go:64.2,68.4 1 1
final-project-enigma-clean/delivery/controller/asset_controller.go:42.16,44.17 2 1
final-project-enigma-clean/delivery/controller/asset_controller.go:49.3,53.9 2 1
final-project-enigma-clean/delivery/controller/asset_controller.go:44.17,47.4 2 1
final-project-enigma-clean/delivery/controller/asset_controller.go:60.16,63.3 2 1
final-project-enigma-clean/delivery/controller/asset_controller.go:71.59,76.16 3 1
final-project-enigma-clean/delivery/controller/asset_controller.go:81.2,84.4 1 1
final-project-enigma-clean/delivery/controller/asset_controller.go:76.16,79.3 2 1
final-project-enigma-clean/delivery/controller/asset_controller.go:87.57,91.16 3 1
final-project-enigma-clean/delivery/controller/asset_controller.go:96.2,97.16 2 1
final-project-enigma-clean/delivery/controller/asset_controller.go:102.2,102.76 1 1
final-project-enigma-clean/delivery/controller/asset_controller.go:91.16,94.3 2 1
final-project-enigma-clean/delivery/controller/asset_controller.go:97.16,100.3 2 1
final-project-enigma-clean/delivery/controller/asset_controller.go:105.57,110.16 3 1
final-project-enigma-clean/delivery/controller/asset_controller.go:115.2,115.76 1 1
final-project-enigma-clean/delivery/controller/asset_controller.go:110.16,113.3 2 1
final-project-enigma-clean/delivery/controller/asset_controller.go:118.35,124.2 5 1
final-project-enigma-clean/delivery/controller/asset_controller.go:126.93,131.2 1 1
final-project-enigma-clean/delivery/controller/category_controller.go:17.69,19.52 2 1
final-project-enigma-clean/delivery/controller/category_controller.go:26.2,27.16 2 1
final-project-enigma-clean/delivery/controller/category_controller.go:33.2,36.23 2 1
final-project-enigma-clean/delivery/controller/category_controller.go:19.52,24.3 2 1
final-project-enigma-clean/delivery/controller/category_controller.go:27.16,32.3 2 1
final-project-enigma-clean/delivery/controller/category_controller.go:38.67,41.16 2 1
final-project-enigma-clean/delivery/controller/category_controller.go:47.2,51.23 2 1
final-project-enigma-clean/delivery/controller/category_controller.go:41.16,46.3 2 1
final-project-enigma-clean/delivery/controller/category_controller.go:53.72,56.16 3 1
final-project-enigma-clean/delivery/controller/category_controller.go:62.2,66.23 2 1
final-project-enigma-clean/delivery/controller/category_controller.go:56.16,61.3 2 1
final-project-enigma-clean/delivery/controller/category_controller.go:70.69,72.52 2 1
final-project-enigma-clean/delivery/controller/category_controller.go:78.2,79.16 2 1
final-project-enigma-clean/delivery/controller/category_controller.go:85.2,87.4 1 1
final-project-enigma-clean/delivery/controller/category_controller.go:72.52,77.3 2 1
final-project-enigma-clean/delivery/controller/category_controller.go:79.16,84.3 2 1
final-project-enigma-clean/delivery/controller/category_controller.go:89.69,91.49 2 1
final-project-enigma-clean/delivery/controller/category_controller.go:97.2,100.4 2 1
final-project-enigma-clean/delivery/controller/category_controller.go:91.49,96.3 2 1
final-project-enigma-clean/delivery/controller/category_controller.go:102.39,108.2 5 1
final-project-enigma-clean/delivery/controller/category_controller.go:110.105,115.2 1 1
final-project-enigma-clean/delivery/controller/manage_asset_controller.go:18.69,21.16 2 1
final-project-enigma-clean/delivery/controller/manage_asset_controller.go:25.2,25.59 1 1
final-project-enigma-clean/delivery/controller/manage_asset_controller.go:21.16,24.3 2 0
final-project-enigma-clean/delivery/controller/manage_asset_controller.go:30.71,33.58 2 1
final-project-enigma-clean/delivery/controller/manage_asset_controller.go:38.2,38.74 1 1
final-project-enigma-clean/delivery/controller/manage_asset_controller.go:43.2,43.42 1 1
final-project-enigma-clean/delivery/controller/manage_asset_controller.go:33.58,36.3 2 1
final-project-enigma-clean/delivery/controller/manage_asset_controller.go:38.74,41.3 2 1
final-project-enigma-clean/delivery/controller/manage_asset_controller.go:47.69,51.16 3 1
final-project-enigma-clean/delivery/controller/manage_asset_controller.go:56.2,56.42 1 1
final-project-enigma-clean/delivery/controller/manage_asset_controller.go:51.16,54.3 2 1
final-project-enigma-clean/delivery/controller/manage_asset_controller.go:58.60,62.16 3 1
final-project-enigma-clean/delivery/controller/manage_asset_controller.go:67.2,68.16 2 1
final-project-enigma-clean/delivery/controller/manage_asset_controller.go:73.2,73.36 1 1
final-project-enigma-clean/delivery/controller/manage_asset_controller.go:62.16,65.3 2 0
final-project-enigma-clean/delivery/controller/manage_asset_controller.go:68.16,71.3 2 0
final-project-enigma-clean/delivery/controller/manage_asset_controller.go:77.71,82.16 4 0
final-project-enigma-clean/delivery/controller/manage_asset_controller.go:86.2,86.44 1 0
final-project-enigma-clean/delivery/controller/manage_asset_controller.go:82.16,85.3 2 0
final-project-enigma-clean/delivery/controller/manage_asset_controller.go:88.41,94.2 5 1
final-project-enigma-clean/delivery/controller/manage_asset_controller.go:96.107,101.2 1 1
final-project-enigma-clean/delivery/controller/staff_controller.go:19.62,21.49 2 1
final-project-enigma-clean/delivery/controller/staff_controller.go:27.2,28.16 2 1
final-project-enigma-clean/delivery/controller/staff_controller.go:32.2,35.23 2 1
final-project-enigma-clean/delivery/controller/staff_controller.go:21.49,26.3 2 1
final-project-enigma-clean/delivery/controller/staff_controller.go:28.16,31.3 2 0
final-project-enigma-clean/delivery/controller/staff_controller.go:37.60,44.16 4 0
final-project-enigma-clean/delivery/controller/staff_controller.go:50.2,55.23 2 0
final-project-enigma-clean/delivery/controller/staff_controller.go:44.16,49.3 2 0
final-project-enigma-clean/delivery/controller/staff_controller.go:57.65,60.16 3 1
final-project-enigma-clean/delivery/controller/staff_controller.go:64.2,68.23 2 1
final-project-enigma-clean/delivery/controller/staff_controller.go:60.16,63.3 2 0
final-project-enigma-clean/delivery/controller/staff_controller.go:71.67,74.16 3 1
final-project-enigma-clean/delivery/controller/staff_controller.go:78.2,82.23 2 1
final-project-enigma-clean/delivery/controller/staff_controller.go:74.16,77.3 2 0
final-project-enigma-clean/delivery/controller/staff_controller.go:84.62,86.49 2 1
final-project-enigma-clean/delivery/controller/staff_controller.go:92.2,93.16 2 1
final-project-enigma-clean/delivery/controller/staff_controller.go:97.2,99.4 1 1
final-project-enigma-clean/delivery/controller/staff_controller.go:86.49,91.3 2 1
final-project-enigma-clean/delivery/controller/staff_controller.go:93.16,96.3 2 0
final-project-enigma-clean/delivery/controller/staff_controller.go:101.62,103.52 2 1
final-project-enigma-clean/delivery/controller/staff_controller.go:109.2,112.4 2 1
final-project-enigma-clean/delivery/controller/staff_controller.go:103.52,108.3 2 0
final-project-enigma-clean/delivery/controller/staff_controller.go:115.35,122.2 6 1
final-project-enigma-clean/delivery/controller/staff_controller.go:124.93,129.2 1 1
final-project-enigma-clean/delivery/controller/type_asset_controller.go:19.70,21.53 2 1
final-project-enigma-clean/delivery/controller/type_asset_controller.go:28.2,29.16 2 1
final-project-enigma-clean/delivery/controller/type_asset_controller.go:33.2,36.23 2 1
final-project-enigma-clean/delivery/controller/type_asset_controller.go:21.53,26.3 2 1
final-project-enigma-clean/delivery/controller/type_asset_controller.go:29.16,32.3 2 1
final-project-enigma-clean/delivery/controller/type_asset_controller.go:38.68,45.16 4 0
final-project-enigma-clean/delivery/controller/type_asset_controller.go:51.2,56.23 2 0
final-project-enigma-clean/delivery/controller/type_asset_controller.go:45.16,50.3 2 0
final-project-enigma-clean/delivery/controller/type_asset_controller.go:58.73,61.16 3 1
final-project-enigma-clean/delivery/controller/type_asset_controller.go:65.2,69.23 2 1
final-project-enigma-clean/delivery/controller/type_asset_controller.go:61.16,64.3 2 0
final-project-enigma-clean/delivery/controller/type_asset_controller.go:72.75,75.16 3 1
final-project-enigma-clean/delivery/controller/type_asset_controller.go:79.2,83.23 2 1
final-project-enigma-clean/delivery/controller/type_asset_controller.go:75.16,78.3 2 0
final-project-enigma-clean/delivery/controller/type_asset_controller.go:85.70,87.53 2 1
final-project-enigma-clean/delivery/controller/type_asset_controller.go:93.2,94.16 2 1
final-project-enigma-clean/delivery/controller/type_asset_controller.go:98.2,100.4 1 1
final-project-enigma-clean/delivery/controller/type_asset_controller.go:87.53,92.3 2 1
final-project-enigma-clean/delivery/controller/type_asset_controller.go:94.16,97.3 2 0
final-project-enigma-clean/delivery/controller/type_asset_controller.go:102.70,104.49 2 1
final-project-enigma-clean/delivery/controller/type_asset_controller.go:110.2,113.4 2 1
final-project-enigma-clean/delivery/controller/type_asset_controller.go:104.49,109.3 2 0
final-project-enigma-clean/delivery/controller/type_asset_controller.go:115.39,122.2 6 1
final-project-enigma-clean/delivery/controller/type_asset_controller.go:124.109,129.2 1 1
